<?xml version="1.0" encoding="UTF-8"?>
<!-- Generated by org.testng.reporters.JUnitXMLReporter -->
<testsuite ignored="0" hostname="TarushDubale" failures="0" tests="3" name="Default test" time="32.389" errors="0" timestamp="2026-03-23T20:53:29 IST">
  <testcase classname="test.BeforeMethodAnnotations" name="inValidPassword" time="1.32"/>
  <testcase classname="test.BeforeMethodAnnotations" name="inValidUserName" time="1.479"/>
  <testcase classname="test.BeforeMethodAnnotations" name="validUserNameAndPass" time="3.367"/>
</testsuite> <!-- Default test -->
