<?xml version="1.0" encoding="UTF-8"?>
<!-- Generated by org.testng.reporters.JUnitXMLReporter -->
<testsuite ignored="0" hostname="TarushDubale" failures="0" tests="3" name="Default test" time="113.848" errors="0" timestamp="2026-03-25T20:37:28 IST">
  <testcase classname="parameter.DataProviderConcept" name="loginTest" time="89.913"/>
  <testcase classname="parameter.DataProviderConcept" name="loginTest" time="11.415"/>
  <testcase classname="parameter.DataProviderConcept" name="loginTest" time="12.316"/>
</testsuite> <!-- Default test -->
