<?xml version="1.0" encoding="UTF-8"?>
<!-- Generated by org.testng.reporters.JUnitXMLReporter -->
<testsuite ignored="2" hostname="TarushDubale" failures="0" tests="3" name="SmokeTests" time="0.096" errors="0" timestamp="2026-03-24T20:55:15 IST">
  <testcase classname="test.Grouping" name="address" time="0.023"/>
  <testcase classname="test.Grouping" name="dashboard" time="0.003"/>
  <testcase classname="test.Grouping" name="show" time="0.002"/>
  <testcase classname="test.Grouping" name="payment" time="0.0">
    <ignored/>
  </testcase> <!-- payment -->
  <testcase classname="test.Grouping" name="login" time="0.0">
    <ignored/>
  </testcase> <!-- login -->
</testsuite> <!-- SmokeTests -->
