<?xml version="1.0" encoding="UTF-8"?>
<!-- Generated by org.testng.reporters.JUnitXMLReporter -->
<testsuite ignored="0" hostname="TarushDubale" failures="0" tests="4" name="Test" time="0.13" errors="0" timestamp="2026-03-24T20:37:22 IST">
  <testcase classname="test.TestNGTestCases" name="login" time="0.017"/>
  <testcase classname="test.TestNGTestCases" name="dashboard" time="0.003"/>
  <testcase classname="test.TestNGTestCases" name="address" time="0.003"/>
  <testcase classname="test.TestNGTestCases" name="payment" time="0.002"/>
</testsuite> <!-- Test -->
