<?xml version="1.0" encoding="UTF-8"?>
<testng-results ignored="0" total="1" passed="1" failed="0" skipped="0">
  <reporter-output>
  </reporter-output>
  <suite started-at="2026-03-26T21:03:01 IST" name="Default suite" finished-at="2026-03-26T21:03:17 IST" duration-ms="16159">
    <groups>
    </groups>
    <test started-at="2026-03-26T21:03:01 IST" name="Default test" finished-at="2026-03-26T21:03:17 IST" duration-ms="16159">
      <class name="window.WindowHandles">
        <test-method signature="windowHandling()[pri:0, instance:window.WindowHandles@3d51f06e]" started-at="2026-03-26T21:03:01 IST" name="windowHandling" finished-at="2026-03-26T21:03:17 IST" duration-ms="16068" status="PASS">
          <reporter-output>
          </reporter-output>
        </test-method> <!-- windowHandling -->
      </class> <!-- window.WindowHandles -->
    </test> <!-- Default test -->
  </suite> <!-- Default suite -->
</testng-results>
