<?xml version="1.0" encoding="UTF-8"?>
<!-- Generated by org.testng.reporters.JUnitReportReporter -->
<testsuite hostname="TarushDubale" failures="0" tests="2" name="test.TestNGBrowserLaunch" time="13.525" errors="0" timestamp="2026-03-23T20:28:36 IST" skipped="0">
  <testcase classname="test.TestNGBrowserLaunch" name="browserLaunch" time="10.515"/>
  <system-out/>
  <testcase classname="test.TestNGBrowserLaunch" name="aLoginTest" time="3.010"/>
  <system-out/>
</testsuite> <!-- test.TestNGBrowserLaunch -->
