<?xml version="1.0" encoding="UTF-8"?>
<!-- Generated by org.testng.reporters.JUnitReportReporter -->
<testsuite hostname="TarushDubale" failures="0" tests="3" name="test.Grouping" time="0.028" errors="0" timestamp="2026-03-24T20:55:15 IST" skipped="0">
  <testcase classname="test.Grouping" name="dashboard" time="0.003"/>
  <system-out/>
  <testcase classname="test.Grouping" name="address" time="0.023"/>
  <system-out/>
  <testcase classname="test.Grouping" name="show" time="0.002"/>
  <system-out/>
</testsuite> <!-- test.Grouping -->
