<?xml version="1.0" encoding="UTF-8"?>
<!-- Generated by org.testng.reporters.JUnitReportReporter -->
<testsuite hostname="TarushDubale" failures="0" tests="3" name="test.BeforeMethodAnnotations" time="32.277" errors="0" timestamp="2026-03-23T20:53:32 IST" skipped="0">
  <testcase classname="test.BeforeMethodAnnotations" name="inValidPassword" time="9.973"/>
  <system-out/>
  <testcase classname="test.BeforeMethodAnnotations" name="inValidUserName" time="8.606"/>
  <system-out/>
  <testcase classname="test.BeforeMethodAnnotations" name="validUserNameAndPass" time="13.698"/>
  <system-out/>
</testsuite> <!-- test.BeforeMethodAnnotations -->
