<?xml version="1.0" encoding="UTF-8"?>
<!-- Generated by org.testng.reporters.JUnitReportReporter -->
<testsuite hostname="TarushDubale" failures="0" tests="3" name="parallel.ChromeBrowser" time="51.993" errors="0" timestamp="2026-03-26T20:30:00 IST" skipped="0">
  <testcase classname="parallel.ChromeBrowser" name="testcase1" time="14.958"/>
  <system-out/>
  <testcase classname="parallel.ChromeBrowser" name="testcase2" time="19.600"/>
  <system-out/>
  <testcase classname="parallel.ChromeBrowser" name="testcase3" time="17.435"/>
  <system-out/>
</testsuite> <!-- parallel.ChromeBrowser -->
