<?xml version="1.0" encoding="UTF-8"?>
<!-- Generated by org.testng.reporters.JUnitReportReporter -->
<testsuite hostname="TarushDubale" failures="0" tests="3" name="parameter.DataProviderConcept" time="113.644" errors="0" timestamp="2026-03-25T20:37:33 IST" skipped="0">
  <testcase classname="parameter.DataProviderConcept" name="loginTest" time="11.415"/>
  <system-out/>
  <testcase classname="parameter.DataProviderConcept" name="loginTest" time="89.913"/>
  <system-out/>
  <testcase classname="parameter.DataProviderConcept" name="loginTest" time="12.316"/>
  <system-out/>
</testsuite> <!-- parameter.DataProviderConcept -->
