<?xml version="1.0" encoding="UTF-8"?>
<!-- Generated by org.testng.reporters.JUnitReportReporter -->
<testsuite hostname="TarushDubale" failures="0" tests="4" name="test.TestNGTestCases" time="0.045" errors="0" timestamp="2026-03-23T20:30:12 IST" skipped="0">
  <testcase classname="test.TestNGTestCases" name="login" time="0.025"/>
  <system-out/>
  <testcase classname="test.TestNGTestCases" name="dashboard" time="0.003"/>
  <system-out/>
  <testcase classname="test.TestNGTestCases" name="address" time="0.007"/>
  <system-out/>
  <testcase classname="test.TestNGTestCases" name="payment" time="0.010"/>
  <system-out/>
</testsuite> <!-- test.TestNGTestCases -->
