<?xml version="1.0" encoding="UTF-8"?>
<!-- Generated by org.testng.reporters.JUnitReportReporter -->
<testsuite hostname="TarushDubale" failures="0" tests="4" name="test.EnableAndDisable" time="0.038" errors="0" timestamp="2026-03-24T20:41:00 IST" skipped="2">
  <testcase classname="test.EnableAndDisable" name="login" time="0.003"/>
  <system-out/>
  <testcase classname="test.EnableAndDisable" name="dashboard" time="0.035"/>
  <system-out/>
  <testcase classname="test.EnableAndDisable" name="address">
    <skipped/>
  </testcase> <!-- address -->
  <system-out/>
  <testcase classname="test.EnableAndDisable" name="payment">
    <skipped/>
  </testcase> <!-- payment -->
  <system-out/>
</testsuite> <!-- test.EnableAndDisable -->
